<?xml version="1.0" encoding="UTF-8"?>
<!-- Generated by org.testng.reporters.JUnitXMLReporter -->
<testsuite ignored="0" hostname="LAPTOP-K5LPCUFF" failures="1" tests="8" name="API Tests" time="3.063" errors="0" timestamp="2024-09-05T07:37:22 IST">
  <testcase classname="com.example.tests.UserTests" name="testCreateUserAndPlaceOrder" time="1.76"/>
  <testcase classname="com.example.tests.UserTests" name="testGetAllData" time="0.113"/>
  <testcase classname="com.example.tests.UserTests" name="testUserLogin" time="0.052"/>
  <testcase classname="com.example.tests.UserTests" name="testUserRegistration" time="0.052"/>
  <testcase classname="com.example.tests.ApiTest" name="testCreateProductWithQueryAndPathParameters" time="0.07"/>
  <testcase classname="com.example.tests.ApiTest" name="testGetProductWithQueryAndPathParameters" time="0.063"/>
  <testcase classname="com.example.tests.Create" name="testCreateProductWithQueryAndPathParameters" time="0.058"/>
  <testcase classname="com.example.tests.Create" name="testGetProductWithQueryAndPathParameters" time="0.058">
    <failure type="java.lang.AssertionError" message="1 expectation failed.
JSON path category doesn&amp;apos;t match.
Expected: Electronics
  Actual: Grocery1
">
      <![CDATA[java.lang.AssertionError: 1 expectation failed.
JSON path category doesn't match.
Expected: Electronics
  Actual: Grocery1

at org.codehaus.groovy.runtime.callsite.ConstructorSite$ConstructorSiteNoUnwrapNoCoerce.callConstructor(ConstructorSite.java:108)
at org.codehaus.groovy.runtime.callsite.CallSiteArray.defaultCallConstructor(CallSiteArray.java:57)
at org.codehaus.groovy.runtime.callsite.AbstractCallSite.callConstructor(AbstractCallSite.java:263)
at org.codehaus.groovy.runtime.callsite.AbstractCallSite.callConstructor(AbstractCallSite.java:277)
at io.restassured.internal.ResponseSpecificationImpl$HamcrestAssertionClosure.validate(ResponseSpecificationImpl.groovy:512)
at io.restassured.internal.ResponseSpecificationImpl$HamcrestAssertionClosure$validate$1.call(Unknown Source)
at io.restassured.internal.ResponseSpecificationImpl.validateResponseIfRequired(ResponseSpecificationImpl.groovy:696)
at io.restassured.internal.ResponseSpecificationImpl.this$2$validateResponseIfRequired(ResponseSpecificationImpl.groovy)
at org.codehaus.groovy.runtime.callsite.PlainObjectMetaMethodSite.doInvoke(PlainObjectMetaMethodSite.java:43)
at org.codehaus.groovy.runtime.callsite.PogoMetaMethodSite$PogoCachedMethodSiteNoUnwrapNoCoerce.invoke(PogoMetaMethodSite.java:198)
at org.codehaus.groovy.runtime.callsite.PogoMetaMethodSite.callCurrent(PogoMetaMethodSite.java:62)
at org.codehaus.groovy.runtime.callsite.AbstractCallSite.callCurrent(AbstractCallSite.java:185)
at io.restassured.internal.ResponseSpecificationImpl.body(ResponseSpecificationImpl.groovy:270)
at io.restassured.specification.ResponseSpecification$body$1.callCurrent(Unknown Source)
at io.restassured.internal.ResponseSpecificationImpl.body(ResponseSpecificationImpl.groovy:117)
at io.restassured.internal.ValidatableResponseOptionsImpl.body(ValidatableResponseOptionsImpl.java:244)
at com.example.tests.Create.testGetProductWithQueryAndPathParameters(Create.java:42)
at java.base/java.util.ArrayList.forEach(ArrayList.java:1511)
... Removed 36 stack frames]]>
    </failure>
  </testcase> <!-- testGetProductWithQueryAndPathParameters -->
</testsuite> <!-- API Tests -->
